<?xml version="1.0" encoding="UTF-8"?>
<testsuite xmlns:xsi="http://www.w3.org/2001/XMLSchema-instance" xsi:noNamespaceSchemaLocation="https://maven.apache.org/surefire/maven-surefire-plugin/xsd/surefire-test-report.xsd" name="TestSocialLinks" time="162.495" tests="9" errors="0" skipped="0" failures="2">
  <properties>
    <property name="sun.desktop" value="gnome"/>
    <property name="awt.toolkit" value="sun.awt.X11.XToolkit"/>
    <property name="java.specification.version" value="11"/>
    <property name="sun.cpu.isalist" value=""/>
    <property name="sun.jnu.encoding" value="UTF-8"/>
    <property name="java.class.path" value="/home/radmir/IdeaProjects/testing-puto-links/target/test-classes:/home/radmir/IdeaProjects/testing-puto-links/target/classes:/home/radmir/.m2/repository/org/seleniumhq/selenium/selenium-api/3.4.0/selenium-api-3.4.0.jar:/home/radmir/.m2/repository/org/seleniumhq/selenium/selenium-chrome-driver/3.4.0/selenium-chrome-driver-3.4.0.jar:/home/radmir/.m2/repository/org/seleniumhq/selenium/selenium-remote-driver/3.4.0/selenium-remote-driver-3.4.0.jar:/home/radmir/.m2/repository/cglib/cglib-nodep/3.2.4/cglib-nodep-3.2.4.jar:/home/radmir/.m2/repository/org/apache/commons/commons-exec/1.3/commons-exec-1.3.jar:/home/radmir/.m2/repository/commons-codec/commons-codec/1.10/commons-codec-1.10.jar:/home/radmir/.m2/repository/commons-logging/commons-logging/1.2/commons-logging-1.2.jar:/home/radmir/.m2/repository/com/google/code/gson/gson/2.8.0/gson-2.8.0.jar:/home/radmir/.m2/repository/com/google/guava/guava/21.0/guava-21.0.jar:/home/radmir/.m2/repository/org/apache/httpcomponents/httpclient/4.5.3/httpclient-4.5.3.jar:/home/radmir/.m2/repository/org/apache/httpcomponents/httpcore/4.4.6/httpcore-4.4.6.jar:/home/radmir/.m2/repository/net/java/dev/jna/jna/4.1.0/jna-4.1.0.jar:/home/radmir/.m2/repository/net/java/dev/jna/jna-platform/4.1.0/jna-platform-4.1.0.jar:/home/radmir/.m2/repository/junit/junit/4.13.2/junit-4.13.2.jar:/home/radmir/.m2/repository/org/hamcrest/hamcrest-core/1.3/hamcrest-core-1.3.jar:/home/radmir/.m2/repository/org/junit/jupiter/junit-jupiter/5.8.0-M1/junit-jupiter-5.8.0-M1.jar:/home/radmir/.m2/repository/org/junit/jupiter/junit-jupiter-api/5.8.0-M1/junit-jupiter-api-5.8.0-M1.jar:/home/radmir/.m2/repository/org/apiguardian/apiguardian-api/1.1.1/apiguardian-api-1.1.1.jar:/home/radmir/.m2/repository/org/opentest4j/opentest4j/1.2.0/opentest4j-1.2.0.jar:/home/radmir/.m2/repository/org/junit/platform/junit-platform-commons/1.8.0-M1/junit-platform-commons-1.8.0-M1.jar:/home/radmir/.m2/repository/org/junit/jupiter/junit-jupiter-params/5.8.0-M1/junit-jupiter-params-5.8.0-M1.jar:/home/radmir/.m2/repository/org/junit/jupiter/junit-jupiter-engine/5.8.0-M1/junit-jupiter-engine-5.8.0-M1.jar:/home/radmir/.m2/repository/org/junit/platform/junit-platform-engine/1.8.0-M1/junit-platform-engine-1.8.0-M1.jar:/home/radmir/.m2/repository/org/jetbrains/kotlin/kotlin-stdlib-jdk8/1.4.20/kotlin-stdlib-jdk8-1.4.20.jar:/home/radmir/.m2/repository/org/jetbrains/kotlin/kotlin-stdlib/1.4.20/kotlin-stdlib-1.4.20.jar:/home/radmir/.m2/repository/org/jetbrains/kotlin/kotlin-stdlib-common/1.4.20/kotlin-stdlib-common-1.4.20.jar:/home/radmir/.m2/repository/org/jetbrains/annotations/13.0/annotations-13.0.jar:/home/radmir/.m2/repository/org/jetbrains/kotlin/kotlin-stdlib-jdk7/1.4.20/kotlin-stdlib-jdk7-1.4.20.jar:/home/radmir/.m2/repository/io/qameta/allure/allure-junit5/2.13.5/allure-junit5-2.13.5.jar:/home/radmir/.m2/repository/io/qameta/allure/allure-junit-platform/2.13.5/allure-junit-platform-2.13.5.jar:/home/radmir/.m2/repository/io/qameta/allure/allure-java-commons/2.13.5/allure-java-commons-2.13.5.jar:/home/radmir/.m2/repository/io/qameta/allure/allure-model/2.13.5/allure-model-2.13.5.jar:/home/radmir/.m2/repository/org/slf4j/slf4j-api/1.7.30/slf4j-api-1.7.30.jar:/home/radmir/.m2/repository/com/fasterxml/jackson/core/jackson-databind/2.9.8/jackson-databind-2.9.8.jar:/home/radmir/.m2/repository/com/fasterxml/jackson/core/jackson-annotations/2.9.0/jackson-annotations-2.9.0.jar:/home/radmir/.m2/repository/com/fasterxml/jackson/core/jackson-core/2.9.8/jackson-core-2.9.8.jar:/home/radmir/.m2/repository/org/apache/tika/tika-core/1.20/tika-core-1.20.jar:/home/radmir/.m2/repository/org/jooq/joor-java-8/0.9.10/joor-java-8-0.9.10.jar:/home/radmir/.m2/repository/org/junit/platform/junit-platform-launcher/1.5.2/junit-platform-launcher-1.5.2.jar:/home/radmir/.m2/repository/com/opencsv/opencsv/5.3/opencsv-5.3.jar:/home/radmir/.m2/repository/org/apache/commons/commons-lang3/3.11/commons-lang3-3.11.jar:/home/radmir/.m2/repository/org/apache/commons/commons-text/1.9/commons-text-1.9.jar:/home/radmir/.m2/repository/commons-beanutils/commons-beanutils/1.9.4/commons-beanutils-1.9.4.jar:/home/radmir/.m2/repository/commons-collections/commons-collections/3.2.2/commons-collections-3.2.2.jar:/home/radmir/.m2/repository/org/apache/commons/commons-collections4/4.4/commons-collections4-4.4.jar:"/>
    <property name="java.vm.vendor" value="Ubuntu"/>
    <property name="sun.arch.data.model" value="64"/>
    <property name="java.vendor.url" value="https://ubuntu.com/"/>
    <property name="user.timezone" value="Asia/Yekaterinburg"/>
    <property name="java.vm.specification.version" value="11"/>
    <property name="os.name" value="Linux"/>
    <property name="sun.java.launcher" value="SUN_STANDARD"/>
    <property name="user.country" value="US"/>
    <property name="sun.boot.library.path" value="/usr/lib/jvm/java-11-openjdk-amd64/lib"/>
    <property name="sun.java.command" value="/home/radmir/IdeaProjects/testing-puto-links/target/surefire/surefirebooter8328972014792029104.jar /home/radmir/IdeaProjects/testing-puto-links/target/surefire 2021-03-02T15-38-45_266-jvmRun1 surefire17172335766711336138tmp surefire_03572166532680224090tmp"/>
    <property name="jdk.debug" value="release"/>
    <property name="surefire.test.class.path" value="/home/radmir/IdeaProjects/testing-puto-links/target/test-classes:/home/radmir/IdeaProjects/testing-puto-links/target/classes:/home/radmir/.m2/repository/org/seleniumhq/selenium/selenium-api/3.4.0/selenium-api-3.4.0.jar:/home/radmir/.m2/repository/org/seleniumhq/selenium/selenium-chrome-driver/3.4.0/selenium-chrome-driver-3.4.0.jar:/home/radmir/.m2/repository/org/seleniumhq/selenium/selenium-remote-driver/3.4.0/selenium-remote-driver-3.4.0.jar:/home/radmir/.m2/repository/cglib/cglib-nodep/3.2.4/cglib-nodep-3.2.4.jar:/home/radmir/.m2/repository/org/apache/commons/commons-exec/1.3/commons-exec-1.3.jar:/home/radmir/.m2/repository/commons-codec/commons-codec/1.10/commons-codec-1.10.jar:/home/radmir/.m2/repository/commons-logging/commons-logging/1.2/commons-logging-1.2.jar:/home/radmir/.m2/repository/com/google/code/gson/gson/2.8.0/gson-2.8.0.jar:/home/radmir/.m2/repository/com/google/guava/guava/21.0/guava-21.0.jar:/home/radmir/.m2/repository/org/apache/httpcomponents/httpclient/4.5.3/httpclient-4.5.3.jar:/home/radmir/.m2/repository/org/apache/httpcomponents/httpcore/4.4.6/httpcore-4.4.6.jar:/home/radmir/.m2/repository/net/java/dev/jna/jna/4.1.0/jna-4.1.0.jar:/home/radmir/.m2/repository/net/java/dev/jna/jna-platform/4.1.0/jna-platform-4.1.0.jar:/home/radmir/.m2/repository/junit/junit/4.13.2/junit-4.13.2.jar:/home/radmir/.m2/repository/org/hamcrest/hamcrest-core/1.3/hamcrest-core-1.3.jar:/home/radmir/.m2/repository/org/junit/jupiter/junit-jupiter/5.8.0-M1/junit-jupiter-5.8.0-M1.jar:/home/radmir/.m2/repository/org/junit/jupiter/junit-jupiter-api/5.8.0-M1/junit-jupiter-api-5.8.0-M1.jar:/home/radmir/.m2/repository/org/apiguardian/apiguardian-api/1.1.1/apiguardian-api-1.1.1.jar:/home/radmir/.m2/repository/org/opentest4j/opentest4j/1.2.0/opentest4j-1.2.0.jar:/home/radmir/.m2/repository/org/junit/platform/junit-platform-commons/1.8.0-M1/junit-platform-commons-1.8.0-M1.jar:/home/radmir/.m2/repository/org/junit/jupiter/junit-jupiter-params/5.8.0-M1/junit-jupiter-params-5.8.0-M1.jar:/home/radmir/.m2/repository/org/junit/jupiter/junit-jupiter-engine/5.8.0-M1/junit-jupiter-engine-5.8.0-M1.jar:/home/radmir/.m2/repository/org/junit/platform/junit-platform-engine/1.8.0-M1/junit-platform-engine-1.8.0-M1.jar:/home/radmir/.m2/repository/org/jetbrains/kotlin/kotlin-stdlib-jdk8/1.4.20/kotlin-stdlib-jdk8-1.4.20.jar:/home/radmir/.m2/repository/org/jetbrains/kotlin/kotlin-stdlib/1.4.20/kotlin-stdlib-1.4.20.jar:/home/radmir/.m2/repository/org/jetbrains/kotlin/kotlin-stdlib-common/1.4.20/kotlin-stdlib-common-1.4.20.jar:/home/radmir/.m2/repository/org/jetbrains/annotations/13.0/annotations-13.0.jar:/home/radmir/.m2/repository/org/jetbrains/kotlin/kotlin-stdlib-jdk7/1.4.20/kotlin-stdlib-jdk7-1.4.20.jar:/home/radmir/.m2/repository/io/qameta/allure/allure-junit5/2.13.5/allure-junit5-2.13.5.jar:/home/radmir/.m2/repository/io/qameta/allure/allure-junit-platform/2.13.5/allure-junit-platform-2.13.5.jar:/home/radmir/.m2/repository/io/qameta/allure/allure-java-commons/2.13.5/allure-java-commons-2.13.5.jar:/home/radmir/.m2/repository/io/qameta/allure/allure-model/2.13.5/allure-model-2.13.5.jar:/home/radmir/.m2/repository/org/slf4j/slf4j-api/1.7.30/slf4j-api-1.7.30.jar:/home/radmir/.m2/repository/com/fasterxml/jackson/core/jackson-databind/2.9.8/jackson-databind-2.9.8.jar:/home/radmir/.m2/repository/com/fasterxml/jackson/core/jackson-annotations/2.9.0/jackson-annotations-2.9.0.jar:/home/radmir/.m2/repository/com/fasterxml/jackson/core/jackson-core/2.9.8/jackson-core-2.9.8.jar:/home/radmir/.m2/repository/org/apache/tika/tika-core/1.20/tika-core-1.20.jar:/home/radmir/.m2/repository/org/jooq/joor-java-8/0.9.10/joor-java-8-0.9.10.jar:/home/radmir/.m2/repository/org/junit/platform/junit-platform-launcher/1.5.2/junit-platform-launcher-1.5.2.jar:/home/radmir/.m2/repository/com/opencsv/opencsv/5.3/opencsv-5.3.jar:/home/radmir/.m2/repository/org/apache/commons/commons-lang3/3.11/commons-lang3-3.11.jar:/home/radmir/.m2/repository/org/apache/commons/commons-text/1.9/commons-text-1.9.jar:/home/radmir/.m2/repository/commons-beanutils/commons-beanutils/1.9.4/commons-beanutils-1.9.4.jar:/home/radmir/.m2/repository/commons-collections/commons-collections/3.2.2/commons-collections-3.2.2.jar:/home/radmir/.m2/repository/org/apache/commons/commons-collections4/4.4/commons-collections4-4.4.jar:"/>
    <property name="allure.results.directory" value="/home/radmir/IdeaProjects/testing-puto-links/target/allure-results"/>
    <property name="sun.cpu.endian" value="little"/>
    <property name="user.home" value="/home/radmir"/>
    <property name="user.language" value="en"/>
    <property name="java.specification.vendor" value="Oracle Corporation"/>
    <property name="java.version.date" value="2021-01-19"/>
    <property name="java.home" value="/usr/lib/jvm/java-11-openjdk-amd64"/>
    <property name="file.separator" value="/"/>
    <property name="basedir" value="/home/radmir/IdeaProjects/testing-puto-links"/>
    <property name="java.vm.compressedOopsMode" value="32-bit"/>
    <property name="line.separator" value="&#10;"/>
    <property name="java.specification.name" value="Java Platform API Specification"/>
    <property name="java.vm.specification.vendor" value="Oracle Corporation"/>
    <property name="java.awt.graphicsenv" value="sun.awt.X11GraphicsEnvironment"/>
    <property name="surefire.real.class.path" value="/home/radmir/IdeaProjects/testing-puto-links/target/surefire/surefirebooter8328972014792029104.jar"/>
    <property name="sun.management.compiler" value="HotSpot 64-Bit Tiered Compilers"/>
    <property name="java.runtime.version" value="11.0.10+9-Ubuntu-0ubuntu1.18.04"/>
    <property name="user.name" value="radmir"/>
    <property name="path.separator" value=":"/>
    <property name="os.version" value="5.4.0-66-generic"/>
    <property name="java.runtime.name" value="OpenJDK Runtime Environment"/>
    <property name="file.encoding" value="UTF-8"/>
    <property name="java.vm.name" value="OpenJDK 64-Bit Server VM"/>
    <property name="localRepository" value="/home/radmir/.m2/repository"/>
    <property name="java.vendor.url.bug" value="https://bugs.launchpad.net/ubuntu/+source/openjdk-lts"/>
    <property name="java.io.tmpdir" value="/tmp"/>
    <property name="java.version" value="11.0.10"/>
    <property name="user.dir" value="/home/radmir/IdeaProjects/testing-puto-links"/>
    <property name="os.arch" value="amd64"/>
    <property name="java.vm.specification.name" value="Java Virtual Machine Specification"/>
    <property name="java.awt.printerjob" value="sun.print.PSPrinterJob"/>
    <property name="sun.os.patch.level" value="unknown"/>
    <property name="java.library.path" value="/usr/java/packages/lib:/usr/lib/x86_64-linux-gnu/jni:/lib/x86_64-linux-gnu:/usr/lib/x86_64-linux-gnu:/usr/lib/jni:/lib:/usr/lib"/>
    <property name="junit.jupiter.extensions.autodetection.enabled" value="true"/>
    <property name="java.vm.info" value="mixed mode, sharing"/>
    <property name="java.vendor" value="Ubuntu"/>
    <property name="java.vm.version" value="11.0.10+9-Ubuntu-0ubuntu1.18.04"/>
    <property name="sun.io.unicode.encoding" value="UnicodeLittle"/>
    <property name="java.class.version" value="55.0"/>
  </properties>
  <testcase name="openRequestForm{String, String}[1]" classname="TestSocialLinks" time="44.614"/>
  <testcase name="openRequestForm{String, String}[2]" classname="TestSocialLinks" time="25.979"/>
  <testcase name="openRequestForm{String, String}[3]" classname="TestSocialLinks" time="22.567">
    <failure message="expected: &lt;17&gt; but was: &lt;16&gt;" type="org.opentest4j.AssertionFailedError"><![CDATA[org.opentest4j.AssertionFailedError: expected: <17> but was: <16>
	at TestSocialLinks.openRequestForm(TestSocialLinks.java:58)
]]></failure>
    <system-out><![CDATA[Битая ссылка https://uslugi.admtyumen.ru/lk/catalog/grServices/service.htm?id=161@egServiceTarget
16 из 17
]]></system-out>
  </testcase>
  <testcase name="openRequestForm{String, String}[4]" classname="TestSocialLinks" time="14.748"/>
  <testcase name="openRequestForm{String, String}[5]" classname="TestSocialLinks" time="5.644">
    <failure message="expected: &lt;6&gt; but was: &lt;5&gt;" type="org.opentest4j.AssertionFailedError"><![CDATA[org.opentest4j.AssertionFailedError: expected: <6> but was: <5>
	at TestSocialLinks.openRequestForm(TestSocialLinks.java:58)
]]></failure>
    <system-out><![CDATA[Битая ссылка https://uslugi.admtyumen.ru/lk/catalog/grServices/service.htm?id=21@egServiceTarget
5 из 6
]]></system-out>
  </testcase>
  <testcase name="openRequestForm{String, String}[6]" classname="TestSocialLinks" time="14.278"/>
  <testcase name="openRequestForm{String, String}[7]" classname="TestSocialLinks" time="4.547"/>
  <testcase name="openRequestForm{String, String}[8]" classname="TestSocialLinks" time="20.061"/>
  <testcase name="openRequestForm{String, String}[9]" classname="TestSocialLinks" time="2.665"/>
</testsuite>